<?xml version="1.0" encoding="UTF-8"?>
<!-- Generated by org.testng.reporters.JUnitReportReporter -->
<testsuite skipped="0" hostname="admin-PC" name="getthetitle" tests="1" failures="0" timestamp="16 Aug 2019 08:57:02 GMT" time="15.358" errors="0">
  <testcase name="demo" time="15.358" classname="getthetitle"/>
</testsuite> <!-- getthetitle -->
